<?xml version="1.0" encoding="UTF-8"?>
<!-- Generated by org.testng.reporters.JUnitXMLReporter -->
<testsuite hostname="VI205812" ignored="0" name="Test" tests="3" failures="0" timestamp="03 Mar 2021 11:27:53 GMT" time="50.993" errors="0">
  <testcase name="test1" time="11.918" classname="remoteTesting.dockerValidation.chromeTest1"/>
  <testcase name="test3" time="12.719" classname="remoteTesting.dockerValidation.chromeTest3"/>
  <testcase name="test2" time="13.222" classname="remoteTesting.dockerValidation.chromeTest2"/>
</testsuite> <!-- Test -->
